TN:
SF:src\routes.jsx
FN:11,(anonymous_0)
FN:14,(anonymous_1)
FN:15,(anonymous_2)
FN:16,(anonymous_3)
FN:19,(anonymous_4)
FN:20,(anonymous_5)
FN:21,(anonymous_6)
FN:22,(anonymous_7)
FN:25,(anonymous_8)
FN:26,(anonymous_9)
FN:29,(anonymous_10)
FN:30,(anonymous_11)
FN:31,(anonymous_12)
FN:32,(anonymous_13)
FNF:14
FNH:0
FNDA:0,(anonymous_0)
FNDA:0,(anonymous_1)
FNDA:0,(anonymous_2)
FNDA:0,(anonymous_3)
FNDA:0,(anonymous_4)
FNDA:0,(anonymous_5)
FNDA:0,(anonymous_6)
FNDA:0,(anonymous_7)
FNDA:0,(anonymous_8)
FNDA:0,(anonymous_9)
FNDA:0,(anonymous_10)
FNDA:0,(anonymous_11)
FNDA:0,(anonymous_12)
FNDA:0,(anonymous_13)
DA:11,0
DA:14,0
DA:15,0
DA:16,0
DA:19,0
DA:20,0
DA:21,0
DA:22,0
DA:25,0
DA:26,0
DA:29,0
DA:30,0
DA:31,0
DA:32,0
DA:34,0
LF:15
LH:0
BRF:0
BRH:0
end_of_record
TN:
SF:src\components\cart\SideCart.jsx
FN:20,SideCart
FN:34,(anonymous_1)
FN:42,(anonymous_2)
FN:54,(anonymous_3)
FN:62,(anonymous_4)
FN:70,(anonymous_5)
FNF:6
FNH:0
FNDA:0,SideCart
FNDA:0,(anonymous_1)
FNDA:0,(anonymous_2)
FNDA:0,(anonymous_3)
FNDA:0,(anonymous_4)
FNDA:0,(anonymous_5)
DA:21,0
DA:23,0
DA:35,0
DA:43,0
DA:44,0
DA:54,0
DA:62,0
DA:70,0
LF:8
LH:0
BRDA:29,0,0,0
BRDA:29,0,1,0
BRF:2
BRH:0
end_of_record
TN:
SF:src\components\common\ErrorPage.jsx
FN:5,ErrorPage
FNF:1
FNH:0
FNDA:0,ErrorPage
DA:6,0
DA:8,0
LF:2
LH:0
BRDA:20,0,0,0
BRDA:20,0,1,0
BRDA:20,0,2,0
BRF:3
BRH:0
end_of_record
TN:
SF:src\components\common\Footer.jsx
FN:6,(anonymous_0)
FN:11,(anonymous_1)
FN:15,(anonymous_2)
FN:20,(anonymous_3)
FN:116,(anonymous_4)
FNF:5
FNH:0
FNDA:0,(anonymous_0)
FNDA:0,(anonymous_1)
FNDA:0,(anonymous_2)
FNDA:0,(anonymous_3)
FNDA:0,(anonymous_4)
DA:6,0
DA:7,0
DA:8,0
DA:9,0
DA:11,0
DA:12,0
DA:13,0
DA:14,0
DA:15,0
DA:16,0
DA:18,0
DA:19,0
DA:20,0
DA:23,0
DA:116,0
LF:15
LH:0
BRDA:13,0,0,0
BRDA:13,0,1,0
BRDA:13,1,0,0
BRDA:13,1,1,0
BRDA:99,2,0,0
BRDA:99,2,1,0
BRDA:104,3,0,0
BRDA:104,3,1,0
BRF:8
BRH:0
end_of_record
TN:
SF:src\components\common\LoadingSpinner.jsx
FN:3,(anonymous_0)
FNF:1
FNH:1
FNDA:3,(anonymous_0)
DA:3,1
DA:4,3
LF:2
LH:2
BRF:0
BRH:0
end_of_record
TN:
SF:src\components\common\Navbar.jsx
FN:9,Navbar
FN:17,(anonymous_1)
FN:21,(anonymous_2)
FN:22,(anonymous_3)
FN:44,(anonymous_4)
FN:47,(anonymous_5)
FNF:6
FNH:5
FNDA:14,Navbar
FNDA:13,(anonymous_1)
FNDA:13,(anonymous_2)
FNDA:0,(anonymous_3)
FNDA:13,(anonymous_4)
FNDA:56,(anonymous_5)
DA:10,14
DA:11,14
DA:12,14
DA:13,14
DA:14,14
DA:15,14
DA:17,14
DA:18,13
DA:21,14
DA:22,13
DA:23,0
DA:26,0
DA:27,0
DA:28,0
DA:29,0
DA:33,0
DA:34,0
DA:37,0
DA:40,0
DA:43,13
DA:44,13
DA:47,14
DA:48,56
DA:51,14
LF:24
LH:15
BRDA:26,0,0,0
BRDA:26,0,1,0
BRDA:33,1,0,0
BRDA:33,1,1,0
BRDA:48,2,0,0
BRDA:48,2,1,56
BRDA:56,3,0,14
BRDA:56,3,1,0
BRDA:115,4,0,14
BRDA:115,4,1,1
BRDA:126,5,0,13
BRDA:126,5,1,1
BRF:12
BRH:6
end_of_record
TN:
SF:src\components\common\ScrollToTop.jsx
FN:20,ScrollToTop
FN:23,(anonymous_1)
FNF:2
FNH:0
FNDA:0,ScrollToTop
FNDA:0,(anonymous_1)
DA:21,0
DA:23,0
DA:25,0
DA:26,0
DA:33,0
LF:5
LH:0
BRDA:29,0,0,0
BRDA:29,0,1,0
BRF:2
BRH:0
end_of_record
TN:
SF:src\components\home\FeaturedCategories.jsx
FN:44,FeaturedCategories
FN:57,(anonymous_1)
FNF:2
FNH:2
FNDA:6,FeaturedCategories
FNDA:15,(anonymous_1)
DA:20,2
DA:46,6
DA:48,6
DA:58,15
LF:4
LH:4
BRDA:44,0,0,0
BRDA:46,1,0,6
BRDA:46,1,1,0
BRF:3
BRH:1
end_of_record
TN:
SF:src\components\home\FeaturedOffers.jsx
FN:7,FeaturedOffers
FN:26,(anonymous_1)
FNF:2
FNH:2
FNDA:3,FeaturedOffers
FNDA:6,(anonymous_1)
DA:8,3
DA:9,0
DA:13,3
DA:15,3
DA:27,6
LF:5
LH:4
BRDA:8,0,0,0
BRDA:8,0,1,3
BRDA:8,1,0,3
BRDA:8,1,1,3
BRDA:30,2,0,6
BRDA:30,2,1,0
BRF:6
BRH:4
end_of_record
TN:
SF:src\components\home\FeaturedProducts.jsx
FN:9,(anonymous_0)
FN:16,(anonymous_1)
FN:19,(anonymous_2)
FN:21,(anonymous_3)
FN:25,(anonymous_4)
FN:43,(anonymous_5)
FN:57,(anonymous_6)
FN:78,(anonymous_7)
FNF:8
FNH:3
FNDA:0,(anonymous_0)
FNDA:7,(anonymous_1)
FNDA:7,(anonymous_2)
FNDA:13,(anonymous_3)
FNDA:0,(anonymous_4)
FNDA:0,(anonymous_5)
FNDA:0,(anonymous_6)
FNDA:0,(anonymous_7)
DA:9,2
DA:10,0
DA:16,2
DA:17,7
DA:19,7
DA:20,7
DA:21,13
DA:25,7
DA:26,0
DA:27,0
DA:30,7
DA:31,7
DA:34,0
DA:44,0
DA:58,0
DA:59,0
DA:78,0
LF:17
LH:9
BRDA:16,0,0,0
BRDA:21,1,0,13
BRDA:21,1,1,13
BRDA:30,2,0,7
BRDA:30,2,1,0
BRDA:62,3,0,0
BRDA:62,3,1,0
BRF:7
BRH:3
end_of_record
TN:
SF:src\components\home\Hero.jsx
FN:7,Hero
FNF:1
FNH:1
FNDA:9,Hero
DA:8,9
LF:1
LH:1
BRF:0
BRH:0
end_of_record
TN:
SF:src\components\products\ItemListContainer.jsx
FN:5,ItemListContainer
FN:19,(anonymous_1)
FNF:2
FNH:0
FNDA:0,ItemListContainer
FNDA:0,(anonymous_1)
DA:6,0
DA:7,0
DA:9,0
DA:10,0
DA:13,0
DA:14,0
DA:17,0
DA:20,0
LF:8
LH:0
BRDA:6,0,0,0
BRDA:6,0,1,0
BRDA:9,1,0,0
BRDA:9,1,1,0
BRDA:13,2,0,0
BRDA:13,2,1,0
BRDA:13,3,0,0
BRDA:13,3,1,0
BRF:8
BRH:0
end_of_record
TN:
SF:src\components\products\Pagination.jsx
FN:4,Pagination
FN:7,(anonymous_1)
FN:12,(anonymous_2)
FN:16,(anonymous_3)
FN:20,(anonymous_4)
FN:27,(anonymous_5)
FNF:6
FNH:4
FNDA:8,Pagination
FNDA:25,(anonymous_1)
FNDA:0,(anonymous_2)
FNDA:25,(anonymous_3)
FNDA:1,(anonymous_4)
FNDA:0,(anonymous_5)
DA:5,8
DA:7,25
DA:9,5
DA:12,0
DA:17,25
DA:20,1
DA:27,0
LF:7
LH:5
BRDA:5,0,0,3
BRDA:5,0,1,5
BRF:2
BRH:2
end_of_record
TN:
SF:src\components\products\ProductCard.jsx
FN:10,calculateDiscountedPrice
FN:15,ProductCard
FN:41,(anonymous_2)
FN:69,(anonymous_3)
FNF:4
FNH:2
FNDA:0,calculateDiscountedPrice
FNDA:9,ProductCard
FNDA:1,(anonymous_2)
FNDA:0,(anonymous_3)
DA:11,0
DA:12,0
DA:16,9
DA:30,9
DA:32,9
DA:33,9
DA:34,9
DA:35,9
DA:36,9
DA:39,9
DA:41,9
DA:42,1
DA:43,1
DA:47,9
DA:70,0
DA:71,0
LF:16
LH:12
BRDA:11,0,0,0
BRDA:11,0,1,0
BRDA:23,1,0,6
BRDA:32,2,0,9
BRDA:32,2,1,6
BRDA:33,3,0,9
BRDA:33,3,1,6
BRDA:34,4,0,9
BRDA:34,4,1,6
BRDA:35,5,0,9
BRDA:35,5,1,6
BRDA:39,6,0,9
BRDA:39,6,1,9
BRDA:42,7,0,1
BRDA:42,7,1,0
BRDA:49,8,0,0
BRDA:49,8,1,9
BRDA:53,9,0,9
BRDA:53,9,1,0
BRDA:84,10,0,9
BRDA:84,10,1,0
BRDA:91,11,0,9
BRDA:91,11,1,0
BRDA:93,12,0,0
BRDA:93,12,1,0
BRDA:98,13,0,0
BRDA:98,13,1,9
BRDA:98,14,0,9
BRDA:98,14,1,3
BRDA:104,15,0,9
BRDA:104,15,1,3
BRDA:111,16,0,0
BRDA:111,16,1,3
BRDA:111,17,0,3
BRDA:111,17,1,0
BRDA:121,18,0,0
BRDA:121,18,1,9
BRDA:140,19,0,3
BRDA:140,19,1,6
BRDA:141,20,0,3
BRDA:141,20,1,6
BRDA:162,21,0,6
BRDA:162,21,1,3
BRF:43
BRH:30
end_of_record
TN:
SF:src\components\products\ProductDetail.jsx
FN:10,ProductDetail
FN:17,(anonymous_1)
FN:18,(anonymous_2)
FN:31,(anonymous_3)
FN:71,(anonymous_4)
FN:102,(anonymous_5)
FNF:6
FNH:0
FNDA:0,ProductDetail
FNDA:0,(anonymous_1)
FNDA:0,(anonymous_2)
FNDA:0,(anonymous_3)
FNDA:0,(anonymous_4)
FNDA:0,(anonymous_5)
DA:11,0
DA:12,0
DA:13,0
DA:14,0
DA:15,0
DA:17,0
DA:18,0
DA:19,0
DA:20,0
DA:21,0
DA:23,0
DA:25,0
DA:28,0
DA:31,0
DA:32,0
DA:33,0
DA:34,0
DA:36,0
DA:37,0
DA:38,0
DA:40,0
DA:41,0
DA:44,0
DA:45,0
DA:54,0
DA:55,0
DA:62,0
DA:72,0
DA:73,0
DA:102,0
LF:30
LH:0
BRDA:32,0,0,0
BRDA:32,0,1,0
BRDA:36,1,0,0
BRDA:36,1,1,0
BRDA:41,2,0,0
BRDA:41,2,1,0
BRDA:44,3,0,0
BRDA:44,3,1,0
BRDA:54,4,0,0
BRDA:54,4,1,0
BRDA:90,5,0,0
BRDA:90,5,1,0
BRDA:90,6,0,0
BRDA:90,6,1,0
BRDA:91,7,0,0
BRDA:91,7,1,0
BRDA:92,8,0,0
BRDA:92,8,1,0
BRDA:95,9,0,0
BRDA:95,9,1,0
BRF:20
BRH:0
end_of_record
TN:
SF:src\components\products\ProductFilters.jsx
FN:4,ProductFilters
FN:24,(anonymous_1)
FN:35,(anonymous_2)
FN:39,(anonymous_3)
FN:52,(anonymous_4)
FNF:5
FNH:5
FNDA:6,ProductFilters
FNDA:1,(anonymous_1)
FNDA:1,(anonymous_2)
FNDA:12,(anonymous_3)
FNDA:1,(anonymous_4)
DA:14,6
DA:16,6
DA:24,1
DA:35,1
DA:40,12
DA:53,1
DA:54,1
DA:55,1
LF:8
LH:8
BRF:0
BRH:0
end_of_record
TN:
SF:src\components\products\Products.jsx
FN:9,Products
FN:37,(anonymous_1)
FNF:2
FNH:0
FNDA:0,Products
FNDA:0,(anonymous_1)
DA:10,0
DA:11,0
DA:13,0
DA:15,0
DA:16,0
DA:19,0
DA:20,0
DA:28,0
DA:38,0
LF:9
LH:0
BRDA:10,0,0,0
BRDA:10,0,1,0
BRDA:15,1,0,0
BRDA:15,1,1,0
BRDA:19,2,0,0
BRDA:19,2,1,0
BRDA:19,3,0,0
BRDA:19,3,1,0
BRF:8
BRH:0
end_of_record
TN:
SF:src\context\AuthContext.jsx
FN:7,(anonymous_0)
FN:13,(anonymous_1)
FN:18,(anonymous_2)
FN:25,(anonymous_3)
FN:26,(anonymous_4)
FN:35,(anonymous_5)
FN:36,(anonymous_6)
FN:43,(anonymous_7)
FN:51,(anonymous_8)
FN:61,(anonymous_9)
FN:81,(anonymous_10)
FN:85,(anonymous_11)
FNF:12
FNH:1
FNDA:0,(anonymous_0)
FNDA:0,(anonymous_1)
FNDA:14,(anonymous_2)
FNDA:0,(anonymous_3)
FNDA:0,(anonymous_4)
FNDA:0,(anonymous_5)
FNDA:0,(anonymous_6)
FNDA:0,(anonymous_7)
FNDA:0,(anonymous_8)
FNDA:0,(anonymous_9)
FNDA:0,(anonymous_10)
FNDA:0,(anonymous_11)
DA:3,4
DA:4,4
DA:7,4
DA:8,0
DA:9,0
DA:10,0
DA:13,4
DA:14,0
DA:15,0
DA:18,4
DA:19,14
DA:22,14
DA:23,0
DA:25,0
DA:26,0
DA:32,14
DA:35,4
DA:36,0
DA:37,0
DA:38,0
DA:40,0
DA:41,0
DA:43,0
DA:44,0
DA:45,0
DA:47,0
DA:51,0
DA:52,0
DA:53,0
DA:54,0
DA:57,0
DA:58,0
DA:61,0
DA:65,0
DA:71,0
DA:72,0
DA:74,0
DA:75,0
DA:77,0
DA:81,0
DA:82,0
DA:83,0
DA:85,0
DA:86,0
DA:87,0
DA:88,0
DA:90,0
DA:91,0
DA:93,0
DA:97,0
DA:106,0
LF:51
LH:9
BRDA:9,0,0,0
BRDA:9,0,1,0
BRDA:10,1,0,0
BRDA:10,1,1,0
BRDA:14,2,0,0
BRDA:14,2,1,0
BRDA:15,3,0,0
BRDA:15,3,1,0
BRDA:22,4,0,0
BRDA:22,4,1,14
BRDA:38,5,0,0
BRDA:38,5,1,0
BRDA:44,6,0,0
BRDA:44,6,1,0
BRF:14
BRH:1
end_of_record
TN:
SF:src\context\CartContext.jsx
FN:10,CartProvider
FN:11,(anonymous_1)
FN:16,(anonymous_2)
FN:20,(anonymous_3)
FN:30,(anonymous_4)
FN:31,(anonymous_5)
FN:39,(anonymous_6)
FN:72,(anonymous_7)
FN:73,(anonymous_8)
FN:73,(anonymous_9)
FN:76,(anonymous_10)
FN:82,(anonymous_11)
FN:83,(anonymous_12)
FN:95,(anonymous_13)
FN:99,(anonymous_14)
FN:102,(anonymous_15)
FN:115,(anonymous_16)
FN:121,(anonymous_17)
FN:122,(anonymous_18)
FN:126,(anonymous_19)
FN:127,(anonymous_20)
FN:130,(anonymous_21)
FN:137,(anonymous_22)
FN:138,(anonymous_23)
FN:161,(anonymous_24)
FN:190,useCart
FNF:26
FNH:1
FNDA:0,CartProvider
FNDA:0,(anonymous_1)
FNDA:0,(anonymous_2)
FNDA:0,(anonymous_3)
FNDA:0,(anonymous_4)
FNDA:0,(anonymous_5)
FNDA:0,(anonymous_6)
FNDA:0,(anonymous_7)
FNDA:0,(anonymous_8)
FNDA:0,(anonymous_9)
FNDA:0,(anonymous_10)
FNDA:0,(anonymous_11)
FNDA:0,(anonymous_12)
FNDA:0,(anonymous_13)
FNDA:0,(anonymous_14)
FNDA:0,(anonymous_15)
FNDA:0,(anonymous_16)
FNDA:0,(anonymous_17)
FNDA:0,(anonymous_18)
FNDA:0,(anonymous_19)
FNDA:0,(anonymous_20)
FNDA:0,(anonymous_21)
FNDA:0,(anonymous_22)
FNDA:0,(anonymous_23)
FNDA:0,(anonymous_24)
FNDA:41,useCart
DA:5,8
DA:7,8
DA:8,8
DA:11,0
DA:12,0
DA:13,0
DA:16,0
DA:17,0
DA:20,0
DA:22,0
DA:30,0
DA:31,0
DA:34,0
DA:35,0
DA:36,0
DA:37,0
DA:39,0
DA:40,0
DA:51,0
DA:52,0
DA:55,0
DA:72,0
DA:73,0
DA:76,0
DA:77,0
DA:78,0
DA:79,0
DA:82,0
DA:83,0
DA:84,0
DA:95,0
DA:96,0
DA:99,0
DA:101,0
DA:102,0
DA:103,0
DA:104,0
DA:108,0
DA:109,0
DA:110,0
DA:112,0
DA:115,0
DA:116,0
DA:117,0
DA:118,0
DA:121,0
DA:122,0
DA:123,0
DA:126,0
DA:127,0
DA:130,0
DA:131,0
DA:132,0
DA:137,0
DA:138,0
DA:139,0
DA:140,0
DA:151,0
DA:152,0
DA:153,0
DA:154,0
DA:156,0
DA:161,0
DA:162,0
DA:183,0
DA:191,41
DA:192,41
DA:193,0
DA:195,41
LF:69
LH:6
BRDA:13,0,0,0
BRDA:13,0,1,0
BRDA:20,1,0,0
BRDA:23,2,0,0
BRDA:23,2,1,0
BRDA:23,2,2,0
BRDA:23,2,3,0
BRDA:24,3,0,0
BRDA:24,3,1,0
BRDA:24,3,2,0
BRDA:24,3,3,0
BRDA:25,4,0,0
BRDA:25,4,1,0
BRDA:25,4,2,0
BRDA:25,4,3,0
BRDA:26,5,0,0
BRDA:26,5,1,0
BRDA:26,5,2,0
BRDA:26,5,3,0
BRDA:27,6,0,0
BRDA:27,6,1,0
BRDA:34,7,0,0
BRDA:34,7,1,0
BRDA:36,8,0,0
BRDA:36,8,1,0
BRDA:40,9,0,0
BRDA:40,9,1,0
BRDA:45,10,0,0
BRDA:45,10,1,0
BRDA:51,11,0,0
BRDA:51,11,1,0
BRDA:63,12,0,0
BRDA:63,12,1,0
BRDA:63,12,2,0
BRDA:66,13,0,0
BRDA:66,13,1,0
BRDA:77,14,0,0
BRDA:77,14,1,0
BRDA:84,15,0,0
BRDA:84,15,1,0
BRDA:101,16,0,0
BRDA:101,16,1,0
BRDA:103,17,0,0
BRDA:103,17,1,0
BRDA:108,18,0,0
BRDA:108,18,1,0
BRDA:116,19,0,0
BRDA:116,19,1,0
BRDA:117,20,0,0
BRDA:117,20,1,0
BRDA:139,21,0,0
BRDA:139,21,1,0
BRDA:139,21,2,0
BRDA:141,22,0,0
BRDA:141,22,1,0
BRDA:145,23,0,0
BRDA:145,23,1,0
BRDA:151,24,0,0
BRDA:151,24,1,0
BRDA:152,25,0,0
BRDA:152,25,1,0
BRDA:153,26,0,0
BRDA:153,26,1,0
BRDA:192,27,0,0
BRDA:192,27,1,41
BRF:65
BRH:1
end_of_record
TN:
SF:src\database\categories.js
FN:26,(anonymous_0)
FNF:1
FNH:1
FNDA:3,(anonymous_0)
DA:4,1
DA:26,3
LF:2
LH:2
BRF:0
BRH:0
end_of_record
TN:
SF:src\database\products.js
FNF:0
FNH:0
DA:1,1
LF:1
LH:1
BRF:0
BRH:0
end_of_record
TN:
SF:src\hooks\useProducts.js
FN:6,useProducts
FN:17,(anonymous_1)
FN:18,(anonymous_2)
FN:36,(anonymous_3)
FN:38,(anonymous_4)
FN:55,(anonymous_5)
FN:68,(anonymous_6)
FN:73,(anonymous_7)
FN:74,(anonymous_8)
FNF:9
FNH:6
FNDA:3,useProducts
FNDA:3,(anonymous_1)
FNDA:3,(anonymous_2)
FNDA:3,(anonymous_3)
FNDA:0,(anonymous_4)
FNDA:0,(anonymous_5)
FNDA:3,(anonymous_6)
FNDA:3,(anonymous_7)
FNDA:0,(anonymous_8)
DA:4,1
DA:7,3
DA:8,3
DA:9,3
DA:10,3
DA:11,3
DA:12,3
DA:13,3
DA:14,3
DA:15,3
DA:17,3
DA:18,3
DA:19,3
DA:20,3
DA:21,3
DA:25,0
DA:26,0
DA:28,0
DA:30,0
DA:33,3
DA:36,3
DA:37,3
DA:39,0
DA:42,0
DA:43,0
DA:44,0
DA:46,0
DA:50,0
DA:53,0
DA:56,0
DA:57,0
DA:58,0
DA:60,0
DA:61,0
DA:62,0
DA:66,3
DA:68,3
DA:69,3
DA:70,3
DA:73,3
DA:74,3
DA:80,3
LF:42
LH:25
BRDA:39,0,0,0
BRDA:39,0,1,0
BRDA:42,1,0,0
BRDA:42,1,1,0
BRDA:42,1,2,0
BRDA:43,2,0,0
BRDA:43,2,1,0
BRDA:43,2,2,0
BRDA:44,3,0,0
BRDA:44,3,1,0
BRDA:44,3,2,0
BRDA:46,4,0,0
BRDA:46,4,1,0
BRDA:46,4,2,0
BRDA:50,5,0,0
BRDA:50,5,1,0
BRDA:53,6,0,0
BRDA:53,6,1,0
BRDA:56,7,0,0
BRDA:56,7,1,0
BRDA:57,8,0,0
BRDA:57,8,1,0
BRDA:57,9,0,0
BRDA:57,9,1,0
BRDA:60,10,0,0
BRDA:60,10,1,0
BRDA:60,10,2,0
BRDA:61,11,0,0
BRDA:61,11,1,0
BRDA:61,11,2,0
BRF:30
BRH:0
end_of_record
TN:
SF:src\hooks\useScrollToTop.js
FN:3,useScrollToTop
FN:4,(anonymous_1)
FNF:2
FNH:2
FNDA:3,useScrollToTop
FNDA:3,(anonymous_1)
DA:4,3
DA:5,3
LF:2
LH:2
BRF:0
BRH:0
end_of_record
TN:
SF:src\loaders\home.js
FN:3,(anonymous_0)
FNF:1
FNH:0
FNDA:0,(anonymous_0)
DA:3,0
DA:4,0
DA:5,0
DA:10,0
DA:15,0
LF:5
LH:0
BRF:0
BRH:0
end_of_record
TN:
SF:src\loaders\productLoader.js
FN:5,(anonymous_0)
FNF:1
FNH:0
FNDA:0,(anonymous_0)
DA:5,0
DA:6,0
DA:7,0
DA:10,0
DA:11,0
DA:12,0
DA:15,0
LF:7
LH:0
BRDA:6,0,0,0
BRDA:6,0,1,0
BRDA:6,1,0,0
BRDA:6,1,1,0
BRDA:11,2,0,0
BRDA:11,2,1,0
BRF:6
BRH:0
end_of_record
TN:
SF:src\loaders\products.js
FN:3,(anonymous_0)
FNF:1
FNH:0
FNDA:0,(anonymous_0)
DA:3,0
DA:4,0
DA:5,0
DA:10,0
DA:11,0
DA:14,0
DA:16,0
LF:7
LH:0
BRDA:10,0,0,0
BRDA:10,0,1,0
BRDA:10,1,0,0
BRDA:10,1,1,0
BRDA:18,2,0,0
BRDA:18,2,1,0
BRF:6
BRH:0
end_of_record
TN:
SF:src\pages\Root.jsx
FN:8,Root
FNF:1
FNH:0
FNDA:0,Root
DA:9,0
LF:1
LH:0
BRF:0
BRH:0
end_of_record
TN:
SF:src\pages\auth\Login.jsx
FN:8,Login
FN:18,(anonymous_1)
FN:28,(anonymous_2)
FN:37,(anonymous_3)
FN:74,(anonymous_4)
FNF:5
FNH:0
FNDA:0,Login
FNDA:0,(anonymous_1)
FNDA:0,(anonymous_2)
FNDA:0,(anonymous_3)
FNDA:0,(anonymous_4)
DA:9,0
DA:10,0
DA:11,0
DA:12,0
DA:13,0
DA:14,0
DA:16,0
DA:18,0
DA:19,0
DA:20,0
DA:21,0
DA:25,0
DA:28,0
DA:29,0
DA:30,0
DA:31,0
DA:32,0
DA:33,0
DA:34,0
DA:37,0
DA:38,0
DA:39,0
DA:40,0
DA:41,0
DA:43,0
DA:44,0
DA:45,0
DA:46,0
DA:49,0
DA:50,0
DA:51,0
DA:53,0
DA:57,0
DA:75,0
LF:34
LH:0
BRDA:12,0,0,0
BRDA:12,0,1,0
BRDA:19,1,0,0
BRDA:19,1,1,0
BRDA:30,2,0,0
BRDA:30,2,1,0
BRDA:31,3,0,0
BRDA:31,3,1,0
BRDA:32,4,0,0
BRDA:32,4,1,0
BRDA:33,5,0,0
BRDA:33,5,1,0
BRDA:40,6,0,0
BRDA:40,6,1,0
BRDA:41,7,0,0
BRDA:41,7,1,0
BRDA:44,8,0,0
BRDA:44,8,1,0
BRDA:53,9,0,0
BRDA:53,9,1,0
BRDA:67,10,0,0
BRDA:67,10,1,0
BRDA:73,11,0,0
BRDA:73,11,1,0
BRDA:106,12,0,0
BRDA:106,12,1,0
BRF:26
BRH:0
end_of_record
TN:
SF:src\pages\auth\Registro.jsx
FN:7,(anonymous_0)
FN:22,(anonymous_1)
FN:27,(anonymous_2)
FN:33,(anonymous_3)
FN:66,(anonymous_4)
FN:68,(anonymous_5)
FN:74,(anonymous_6)
FN:81,(anonymous_7)
FN:94,(anonymous_8)
FN:181,(anonymous_9)
FNF:10
FNH:0
FNDA:0,(anonymous_0)
FNDA:0,(anonymous_1)
FNDA:0,(anonymous_2)
FNDA:0,(anonymous_3)
FNDA:0,(anonymous_4)
FNDA:0,(anonymous_5)
FNDA:0,(anonymous_6)
FNDA:0,(anonymous_7)
FNDA:0,(anonymous_8)
FNDA:0,(anonymous_9)
DA:7,0
DA:8,0
DA:10,0
DA:11,0
DA:18,0
DA:19,0
DA:20,0
DA:22,0
DA:23,0
DA:24,0
DA:27,0
DA:29,0
DA:30,0
DA:33,0
DA:34,0
DA:36,0
DA:37,0
DA:40,0
DA:41,0
DA:42,0
DA:43,0
DA:46,0
DA:47,0
DA:48,0
DA:49,0
DA:52,0
DA:53,0
DA:54,0
DA:55,0
DA:58,0
DA:59,0
DA:62,0
DA:63,0
DA:66,0
DA:67,0
DA:68,0
DA:73,0
DA:74,0
DA:81,0
DA:82,0
DA:84,0
DA:86,0
DA:91,0
DA:94,0
DA:95,0
DA:100,0
DA:181,0
LF:47
LH:0
BRDA:36,0,0,0
BRDA:36,0,1,0
BRDA:40,1,0,0
BRDA:40,1,1,0
BRDA:42,2,0,0
BRDA:42,2,1,0
BRDA:46,3,0,0
BRDA:46,3,1,0
BRDA:48,4,0,0
BRDA:48,4,1,0
BRDA:52,5,0,0
BRDA:52,5,1,0
BRDA:54,6,0,0
BRDA:54,6,1,0
BRDA:58,7,0,0
BRDA:58,7,1,0
BRDA:70,8,0,0
BRDA:70,8,1,0
BRDA:73,9,0,0
BRDA:73,9,1,0
BRDA:84,10,0,0
BRDA:84,10,1,0
BRDA:114,11,0,0
BRDA:114,11,1,0
BRDA:135,12,0,0
BRDA:135,12,1,0
BRDA:156,13,0,0
BRDA:156,13,1,0
BRDA:170,14,0,0
BRDA:170,14,1,0
BRDA:184,15,0,0
BRDA:184,15,1,0
BRDA:187,16,0,0
BRDA:187,16,1,0
BRDA:211,17,0,0
BRDA:211,17,1,0
BRDA:239,18,0,0
BRDA:239,18,1,0
BRF:38
BRH:0
end_of_record
TN:
SF:src\pages\cart\Cart.jsx
FN:9,(anonymous_0)
FN:15,(anonymous_1)
FN:40,(anonymous_2)
FN:48,(anonymous_3)
FN:62,(anonymous_4)
FN:70,(anonymous_5)
FN:83,(anonymous_6)
FN:101,(anonymous_7)
FNF:8
FNH:3
FNDA:3,(anonymous_0)
FNDA:1,(anonymous_1)
FNDA:1,(anonymous_2)
FNDA:0,(anonymous_3)
FNDA:0,(anonymous_4)
FNDA:0,(anonymous_5)
FNDA:0,(anonymous_6)
FNDA:0,(anonymous_7)
DA:9,1
DA:10,3
DA:11,3
DA:13,3
DA:15,3
DA:17,3
DA:18,2
DA:25,1
DA:41,1
DA:49,0
DA:50,0
DA:62,0
DA:70,0
DA:83,0
DA:101,0
LF:15
LH:9
BRDA:17,0,0,2
BRDA:17,0,1,1
BRF:2
BRH:2
end_of_record
TN:
SF:src\pages\cart\Checkout.jsx
FN:10,(anonymous_0)
FN:55,(anonymous_1)
FN:61,(anonymous_2)
FN:77,(anonymous_3)
FN:304,(anonymous_4)
FNF:5
FNH:2
FNDA:5,(anonymous_0)
FNDA:0,(anonymous_1)
FNDA:0,(anonymous_2)
FNDA:0,(anonymous_3)
FNDA:6,(anonymous_4)
DA:10,1
DA:11,5
DA:12,5
DA:13,5
DA:19,5
DA:20,0
DA:29,5
DA:40,5
DA:56,0
DA:57,0
DA:58,0
DA:59,0
DA:61,0
DA:62,0
DA:65,0
DA:70,5
DA:71,0
DA:77,0
DA:83,5
DA:305,6
LF:20
LH:10
BRDA:19,0,0,0
BRDA:19,0,1,5
BRDA:19,1,0,5
BRDA:19,1,1,0
BRDA:70,2,0,0
BRDA:70,2,1,5
BRDA:105,3,0,5
BRDA:105,3,1,0
BRDA:120,4,0,5
BRDA:120,4,1,0
BRDA:139,5,0,5
BRDA:139,5,1,0
BRDA:154,6,0,5
BRDA:154,6,1,0
BRDA:170,7,0,5
BRDA:170,7,1,0
BRDA:186,8,0,5
BRDA:186,8,1,0
BRDA:201,9,0,5
BRDA:201,9,1,0
BRDA:228,10,0,5
BRDA:228,10,1,0
BRDA:242,11,0,5
BRDA:242,11,1,0
BRDA:259,12,0,5
BRDA:259,12,1,0
BRDA:275,13,0,5
BRDA:275,13,1,0
BRF:28
BRH:14
end_of_record
TN:
SF:src\pages\cart\PagoError.jsx
FN:6,(anonymous_0)
FN:150,(anonymous_1)
FN:157,(anonymous_2)
FN:164,(anonymous_3)
FN:171,(anonymous_4)
FNF:5
FNH:0
FNDA:0,(anonymous_0)
FNDA:0,(anonymous_1)
FNDA:0,(anonymous_2)
FNDA:0,(anonymous_3)
FNDA:0,(anonymous_4)
DA:6,0
DA:8,0
DA:9,0
DA:10,0
DA:12,0
DA:13,0
DA:14,0
DA:15,0
DA:17,0
DA:55,0
DA:57,0
DA:150,0
DA:157,0
DA:164,0
DA:171,0
LF:15
LH:0
BRDA:12,0,0,0
BRDA:12,0,1,0
BRDA:13,1,0,0
BRDA:13,1,1,0
BRDA:14,2,0,0
BRDA:14,2,1,0
BRDA:15,3,0,0
BRDA:15,3,1,0
BRDA:55,4,0,0
BRDA:55,4,1,0
BRDA:81,5,0,0
BRDA:81,5,1,0
BRF:12
BRH:0
end_of_record
TN:
SF:src\pages\cart\PagoExitoso.jsx
FN:6,(anonymous_0)
FN:12,(anonymous_1)
FN:28,(anonymous_2)
FN:158,(anonymous_3)
FN:165,(anonymous_4)
FNF:5
FNH:0
FNDA:0,(anonymous_0)
FNDA:0,(anonymous_1)
FNDA:0,(anonymous_2)
FNDA:0,(anonymous_3)
FNDA:0,(anonymous_4)
DA:6,0
DA:8,0
DA:9,0
DA:10,0
DA:12,0
DA:14,0
DA:15,0
DA:16,0
DA:17,0
DA:20,0
DA:21,0
DA:22,0
DA:28,0
DA:29,0
DA:32,0
DA:33,0
DA:34,0
DA:35,0
DA:36,0
DA:43,0
DA:158,0
DA:165,0
LF:22
LH:0
BRDA:15,0,0,0
BRDA:15,0,1,0
BRDA:21,1,0,0
BRDA:21,1,1,0
BRDA:32,2,0,0
BRDA:32,2,1,0
BRDA:33,3,0,0
BRDA:33,3,1,0
BRDA:34,4,0,0
BRDA:34,4,1,0
BRDA:35,5,0,0
BRDA:35,5,1,0
BRDA:78,6,0,0
BRDA:78,6,1,0
BRF:14
BRH:0
end_of_record
TN:
SF:src\pages\home\Home.jsx
FN:9,Home
FN:14,(anonymous_1)
FN:36,(anonymous_2)
FNF:3
FNH:3
FNDA:3,Home
FNDA:3,(anonymous_1)
FNDA:3,(anonymous_2)
DA:10,3
DA:11,3
DA:14,3
DA:15,3
DA:16,0
DA:33,3
DA:36,3
DA:37,3
DA:38,3
DA:59,0
DA:62,3
LF:11
LH:9
BRDA:10,0,0,3
BRDA:10,0,1,0
BRDA:11,1,0,0
BRDA:11,2,0,0
BRDA:15,3,0,0
BRDA:15,3,1,3
BRDA:15,4,0,3
BRDA:15,4,1,3
BRDA:37,5,0,3
BRDA:37,5,1,0
BRDA:37,6,0,3
BRDA:37,6,1,3
BRDA:37,6,2,0
BRDA:59,7,0,0
BRDA:59,7,1,0
BRF:15
BRH:7
end_of_record
TN:
SF:src\pages\info\About.jsx
FN:5,(anonymous_0)
FN:128,(anonymous_1)
FN:191,(anonymous_2)
FNF:3
FNH:3
FNDA:3,(anonymous_0)
FNDA:18,(anonymous_1)
FNDA:9,(anonymous_2)
DA:5,1
DA:7,3
DA:40,3
DA:58,3
DA:129,18
DA:192,9
LF:6
LH:6
BRF:0
BRH:0
end_of_record
TN:
SF:src\pages\info\Blog.jsx
FN:63,(anonymous_0)
FN:77,(anonymous_1)
FNF:2
FNH:2
FNDA:3,(anonymous_0)
FNDA:6,(anonymous_1)
DA:7,1
DA:63,1
DA:65,3
DA:78,6
LF:4
LH:4
BRF:0
BRH:0
end_of_record
TN:
SF:src\pages\info\Contact.jsx
FN:7,(anonymous_0)
FN:25,(anonymous_1)
FNF:2
FNH:1
FNDA:3,(anonymous_0)
FNDA:0,(anonymous_1)
DA:7,1
DA:9,3
DA:26,0
DA:27,0
DA:28,0
DA:32,3
LF:6
LH:3
BRDA:83,0,0,3
BRDA:83,0,1,0
BRDA:99,1,0,3
BRDA:99,1,1,0
BRDA:116,2,0,3
BRDA:116,2,1,0
BRF:6
BRH:3
end_of_record
TN:
SF:src\pages\info\DetalleBlog.jsx
FN:64,(anonymous_0)
FN:72,(anonymous_1)
FN:74,(anonymous_2)
FN:75,(anonymous_3)
FN:79,(anonymous_4)
FN:101,(anonymous_5)
FN:120,(anonymous_6)
FN:228,(anonymous_7)
FN:235,(anonymous_8)
FN:236,(anonymous_9)
FN:237,(anonymous_10)
FN:269,(anonymous_11)
FN:276,(anonymous_12)
FNF:13
FNH:0
FNDA:0,(anonymous_0)
FNDA:0,(anonymous_1)
FNDA:0,(anonymous_2)
FNDA:0,(anonymous_3)
FNDA:0,(anonymous_4)
FNDA:0,(anonymous_5)
FNDA:0,(anonymous_6)
FNDA:0,(anonymous_7)
FNDA:0,(anonymous_8)
FNDA:0,(anonymous_9)
FNDA:0,(anonymous_10)
FNDA:0,(anonymous_11)
FNDA:0,(anonymous_12)
DA:8,0
DA:64,0
DA:66,0
DA:67,0
DA:68,0
DA:69,0
DA:70,0
DA:72,0
DA:74,0
DA:75,0
DA:76,0
DA:77,0
DA:79,0
DA:81,0
DA:85,0
DA:86,0
DA:93,0
DA:94,0
DA:101,0
DA:112,0
DA:120,0
DA:229,0
DA:235,0
DA:236,0
DA:237,0
DA:269,0
DA:276,0
LF:27
LH:0
BRDA:76,0,0,0
BRDA:76,0,1,0
BRDA:85,1,0,0
BRDA:85,1,1,0
BRDA:93,2,0,0
BRDA:93,2,1,0
BRDA:223,3,0,0
BRDA:223,3,1,0
BRF:8
BRH:0
end_of_record
TN:
SF:src\pages\products\Offers.jsx
FN:6,(anonymous_0)
FN:28,(anonymous_1)
FN:35,(anonymous_2)
FNF:3
FNH:0
FNDA:0,(anonymous_0)
FNDA:0,(anonymous_1)
FNDA:0,(anonymous_2)
DA:6,0
DA:7,0
DA:9,0
DA:10,0
DA:19,0
DA:20,0
DA:28,0
DA:30,0
DA:36,0
LF:9
LH:0
BRDA:9,0,0,0
BRDA:9,0,1,0
BRDA:19,1,0,0
BRDA:19,1,1,0
BRDA:34,2,0,0
BRDA:34,2,1,0
BRF:6
BRH:0
end_of_record
TN:
SF:src\pages\products\ProductDetail.jsx
FN:8,(anonymous_0)
FN:35,(anonymous_1)
FN:90,(anonymous_2)
FN:106,(anonymous_3)
FN:120,(anonymous_4)
FN:124,(anonymous_5)
FNF:6
FNH:0
FNDA:0,(anonymous_0)
FNDA:0,(anonymous_1)
FNDA:0,(anonymous_2)
FNDA:0,(anonymous_3)
FNDA:0,(anonymous_4)
FNDA:0,(anonymous_5)
DA:8,0
DA:10,0
DA:11,0
DA:12,0
DA:14,0
DA:15,0
DA:22,0
DA:23,0
DA:26,0
DA:36,0
DA:37,0
DA:90,0
DA:107,0
DA:121,0
DA:122,0
DA:125,0
DA:126,0
LF:17
LH:0
BRDA:14,0,0,0
BRDA:14,0,1,0
BRDA:22,1,0,0
BRDA:22,1,1,0
BRDA:48,2,0,0
BRDA:48,2,1,0
BRDA:60,3,0,0
BRDA:60,3,1,0
BRDA:60,4,0,0
BRDA:60,4,1,0
BRDA:72,5,0,0
BRDA:72,5,1,0
BRDA:80,6,0,0
BRDA:80,6,1,0
BRDA:99,7,0,0
BRDA:99,7,1,0
BRDA:99,7,2,0
BRF:17
BRH:0
end_of_record
TN:
SF:src\pages\products\Products.jsx
FN:9,Products
FN:13,(anonymous_1)
FN:17,(anonymous_2)
FN:24,(anonymous_3)
FN:37,(anonymous_4)
FN:41,(anonymous_5)
FN:65,(anonymous_6)
FN:71,(anonymous_7)
FN:89,(anonymous_8)
FN:99,(anonymous_9)
FN:115,(anonymous_10)
FNF:11
FNH:1
FNDA:3,Products
FNDA:0,(anonymous_1)
FNDA:0,(anonymous_2)
FNDA:0,(anonymous_3)
FNDA:0,(anonymous_4)
FNDA:0,(anonymous_5)
FNDA:0,(anonymous_6)
FNDA:0,(anonymous_7)
FNDA:0,(anonymous_8)
FNDA:0,(anonymous_9)
FNDA:0,(anonymous_10)
DA:10,3
DA:11,3
DA:13,3
DA:14,0
DA:17,3
DA:18,0
DA:19,0
DA:20,0
DA:21,0
DA:24,3
DA:25,0
DA:26,0
DA:27,0
DA:31,3
DA:38,0
DA:41,0
DA:65,0
DA:71,0
DA:90,0
DA:100,0
DA:101,0
DA:115,0
LF:22
LH:6
BRDA:14,0,0,0
BRDA:14,0,1,0
BRDA:25,1,0,0
BRDA:25,1,1,0
BRDA:27,2,0,0
BRDA:27,2,1,0
BRDA:40,3,0,0
BRDA:40,3,1,0
BRDA:51,4,0,3
BRDA:51,4,1,3
BRDA:70,5,0,0
BRDA:70,5,1,3
BRDA:73,6,0,3
BRDA:73,6,1,0
BRDA:79,7,0,3
BRDA:79,7,1,0
BRDA:83,8,0,0
BRDA:83,8,1,0
BRF:18
BRH:5
end_of_record
TN:
SF:src\services\product.js
FN:5,(anonymous_0)
FN:10,(anonymous_1)
FN:12,(anonymous_2)
FN:19,(anonymous_3)
FN:22,(anonymous_4)
FN:26,(anonymous_5)
FN:33,(anonymous_6)
FN:47,(anonymous_7)
FN:54,(anonymous_8)
FN:68,(anonymous_9)
FN:70,(anonymous_10)
FN:81,(anonymous_11)
FN:87,(anonymous_12)
FN:88,(anonymous_13)
FN:92,(anonymous_14)
FN:94,(anonymous_15)
FN:104,(anonymous_16)
FN:127,(anonymous_17)
FN:128,(anonymous_18)
FNF:19
FNH:4
FNDA:3,(anonymous_0)
FNDA:0,(anonymous_1)
FNDA:0,(anonymous_2)
FNDA:0,(anonymous_3)
FNDA:0,(anonymous_4)
FNDA:0,(anonymous_5)
FNDA:0,(anonymous_6)
FNDA:0,(anonymous_7)
FNDA:0,(anonymous_8)
FNDA:0,(anonymous_9)
FNDA:0,(anonymous_10)
FNDA:0,(anonymous_11)
FNDA:0,(anonymous_12)
FNDA:0,(anonymous_13)
FNDA:3,(anonymous_14)
FNDA:0,(anonymous_15)
FNDA:0,(anonymous_16)
FNDA:6,(anonymous_17)
FNDA:6,(anonymous_18)
DA:6,3
DA:7,0
DA:11,0
DA:12,0
DA:13,0
DA:14,0
DA:16,0
DA:20,0
DA:21,0
DA:22,0
DA:27,0
DA:28,0
DA:41,0
DA:43,0
DA:45,0
DA:46,0
DA:47,0
DA:48,0
DA:53,0
DA:54,0
DA:57,0
DA:58,0
DA:59,0
DA:61,0
DA:69,0
DA:70,0
DA:71,0
DA:72,0
DA:75,0
DA:82,0
DA:83,0
DA:87,0
DA:88,0
DA:93,3
DA:94,0
DA:105,0
DA:128,6
DA:132,1
LF:38
LH:4
BRDA:13,0,0,0
BRDA:13,0,1,0
BRDA:26,1,0,0
BRDA:33,2,0,0
BRDA:34,3,0,0
BRDA:35,4,0,0
BRDA:36,5,0,0
BRDA:37,6,0,0
BRDA:38,7,0,0
BRDA:39,8,0,0
BRDA:45,9,0,0
BRDA:45,9,1,0
BRDA:48,10,0,0
BRDA:48,10,1,0
BRDA:53,11,0,0
BRDA:53,11,1,0
BRDA:71,12,0,0
BRDA:71,12,1,0
BRDA:115,13,0,0
BRDA:115,13,1,0
BRDA:116,14,0,0
BRDA:116,14,1,0
BRF:22
BRH:0
end_of_record
TN:
SF:src\utils\formatters.js
FN:10,formatearPrecio
FN:49,campoVacio
FNF:2
FNH:2
FNDA:30,formatearPrecio
FNDA:21,campoVacio
DA:1,9
DA:11,30
DA:12,4
DA:16,26
DA:17,0
DA:18,0
DA:19,0
DA:21,0
DA:25,26
DA:26,1
DA:30,25
DA:31,0
DA:35,25
DA:36,25
DA:37,25
DA:38,25
DA:39,22
DA:41,3
DA:51,21
DA:52,19
DA:53,17
DA:54,15
DA:55,13
LF:23
LH:18
BRDA:10,0,0,27
BRDA:11,1,0,4
BRDA:11,1,1,26
BRDA:11,2,0,30
BRDA:11,2,1,29
BRDA:11,2,2,28
BRDA:16,3,0,0
BRDA:16,3,1,26
BRDA:18,4,0,0
BRDA:18,4,1,0
BRDA:25,5,0,1
BRDA:25,5,1,25
BRDA:30,6,0,0
BRDA:30,6,1,25
BRDA:38,7,0,22
BRDA:38,7,1,3
BRDA:39,8,0,3
BRDA:39,8,1,19
BRDA:41,9,0,1
BRDA:41,9,1,2
BRDA:51,10,0,2
BRDA:51,10,1,19
BRDA:51,11,0,21
BRDA:51,11,1,20
BRDA:52,12,0,2
BRDA:52,12,1,17
BRDA:52,13,0,19
BRDA:52,13,1,18
BRDA:53,14,0,2
BRDA:53,14,1,15
BRDA:54,15,0,2
BRDA:54,15,1,13
BRF:32
BRH:28
end_of_record
TN:
SF:src\utils\imageUtils.js
FN:16,getProductImage
FNF:1
FNH:1
FNDA:10,getProductImage
DA:9,5
DA:18,10
DA:19,4
DA:23,6
LF:4
LH:4
BRDA:18,0,0,4
BRDA:18,0,1,6
BRDA:18,1,0,10
BRDA:18,1,1,10
BRDA:23,2,0,6
BRDA:23,2,1,6
BRF:6
BRH:6
end_of_record
