TN:
SF:src\routes.jsx
FN:9,(anonymous_0)
FN:10,(anonymous_1)
FN:11,(anonymous_2)
FN:12,(anonymous_3)
FN:13,(anonymous_4)
FN:14,(anonymous_5)
FN:15,(anonymous_6)
FN:16,(anonymous_7)
FN:17,(anonymous_8)
FNF:9
FNH:0
FNDA:0,(anonymous_0)
FNDA:0,(anonymous_1)
FNDA:0,(anonymous_2)
FNDA:0,(anonymous_3)
FNDA:0,(anonymous_4)
FNDA:0,(anonymous_5)
FNDA:0,(anonymous_6)
FNDA:0,(anonymous_7)
FNDA:0,(anonymous_8)
DA:9,0
DA:10,0
DA:11,0
DA:12,0
DA:13,0
DA:14,0
DA:15,0
DA:16,0
DA:17,0
DA:19,0
LF:10
LH:0
BRF:0
BRH:0
end_of_record
TN:
SF:src\components\Navigation.jsx
FN:17,(anonymous_0)
FN:23,(anonymous_1)
FN:25,(anonymous_2)
FN:30,(anonymous_3)
FN:41,(anonymous_4)
FN:57,(anonymous_5)
FN:61,(anonymous_6)
FN:71,(anonymous_7)
FNF:8
FNH:0
FNDA:0,(anonymous_0)
FNDA:0,(anonymous_1)
FNDA:0,(anonymous_2)
FNDA:0,(anonymous_3)
FNDA:0,(anonymous_4)
FNDA:0,(anonymous_5)
FNDA:0,(anonymous_6)
FNDA:0,(anonymous_7)
DA:10,0
DA:17,0
DA:18,0
DA:19,0
DA:20,0
DA:21,0
DA:22,0
DA:23,0
DA:25,0
DA:26,0
DA:27,0
DA:30,0
DA:31,0
DA:34,0
DA:41,0
DA:58,0
DA:61,0
DA:71,0
LF:18
LH:0
BRDA:63,0,0,0
BRDA:63,0,1,0
BRDA:74,1,0,0
BRDA:74,1,1,0
BRDA:82,2,0,0
BRDA:82,2,1,0
BRF:6
BRH:0
end_of_record
TN:
SF:src\components\cart\Cart.jsx
FN:5,Cart
FN:49,(anonymous_1)
FN:58,(anonymous_2)
FN:74,(anonymous_3)
FN:83,(anonymous_4)
FN:91,(anonymous_5)
FN:103,(anonymous_6)
FN:122,(anonymous_7)
FNF:8
FNH:6
FNDA:6,Cart
FNDA:10,(anonymous_1)
FNDA:0,(anonymous_2)
FNDA:1,(anonymous_3)
FNDA:0,(anonymous_4)
FNDA:1,(anonymous_5)
FNDA:1,(anonymous_6)
FNDA:10,(anonymous_7)
DA:6,6
DA:8,6
DA:9,1
DA:26,5
DA:50,10
DA:59,0
DA:74,1
DA:83,0
DA:91,1
DA:103,1
DA:122,10
LF:11
LH:9
BRDA:8,0,0,1
BRDA:8,0,1,5
BRF:2
BRH:2
end_of_record
TN:
SF:src\components\common\Footer.jsx
FN:4,(anonymous_0)
FNF:1
FNH:0
FNDA:0,(anonymous_0)
DA:4,0
DA:5,0
LF:2
LH:0
BRF:0
BRH:0
end_of_record
TN:
SF:src\components\common\LazyComponent.jsx
FN:4,LazyComponent
FNF:1
FNH:0
FNDA:0,LazyComponent
DA:5,0
LF:1
LH:0
BRF:0
BRH:0
end_of_record
TN:
SF:src\components\common\LoadingSpinner.jsx
FN:4,(anonymous_0)
FNF:1
FNH:1
FNDA:7,(anonymous_0)
DA:4,4
DA:5,7
LF:2
LH:2
BRF:0
BRH:0
end_of_record
TN:
SF:src\components\common\Navbar.jsx
FN:7,Navbar
FN:14,(anonymous_1)
FN:19,(anonymous_2)
FN:23,(anonymous_3)
FN:51,(anonymous_4)
FN:58,(anonymous_5)
FN:65,(anonymous_6)
FN:72,(anonymous_7)
FNF:8
FNH:4
FNDA:16,Navbar
FNDA:9,(anonymous_1)
FNDA:64,(anonymous_2)
FNDA:4,(anonymous_3)
FNDA:0,(anonymous_4)
FNDA:0,(anonymous_5)
FNDA:0,(anonymous_6)
FNDA:0,(anonymous_7)
DA:8,16
DA:9,16
DA:10,16
DA:11,16
DA:12,16
DA:14,16
DA:16,9
DA:19,16
DA:20,64
DA:23,16
DA:24,4
DA:27,16
DA:51,0
DA:58,0
DA:65,0
DA:72,0
LF:16
LH:12
BRDA:20,0,0,16
BRDA:20,0,1,48
BRDA:28,1,0,4
BRDA:28,1,1,12
BRDA:35,2,0,4
BRDA:35,2,1,12
BRDA:45,3,0,4
BRDA:45,3,1,12
BRDA:85,4,0,15
BRDA:85,4,1,1
BRF:10
BRH:10
end_of_record
TN:
SF:src\components\common\NavbarBootstrap.jsx
FN:7,(anonymous_0)
FN:12,(anonymous_1)
FNF:2
FNH:0
FNDA:0,(anonymous_0)
FNDA:0,(anonymous_1)
DA:7,0
DA:8,0
DA:9,0
DA:10,0
DA:12,0
DA:13,0
DA:14,0
DA:17,0
LF:8
LH:0
BRDA:32,0,0,0
BRDA:32,0,1,0
BRDA:38,1,0,0
BRDA:38,1,1,0
BRF:4
BRH:0
end_of_record
TN:
SF:src\components\home\FeaturedCategories.jsx
FN:37,FeaturedCategories
FN:47,(anonymous_1)
FNF:2
FNH:2
FNDA:3,FeaturedCategories
FNDA:6,(anonymous_1)
DA:6,1
DA:38,3
DA:48,6
LF:3
LH:3
BRDA:37,0,0,0
BRF:1
BRH:0
end_of_record
TN:
SF:src\components\home\FeaturedProducts.jsx
FN:7,(anonymous_0)
FN:14,(anonymous_1)
FN:17,(anonymous_2)
FN:19,(anonymous_3)
FN:23,(anonymous_4)
FN:41,(anonymous_5)
FN:70,(anonymous_6)
FNF:7
FNH:0
FNDA:0,(anonymous_0)
FNDA:0,(anonymous_1)
FNDA:0,(anonymous_2)
FNDA:0,(anonymous_3)
FNDA:0,(anonymous_4)
FNDA:0,(anonymous_5)
FNDA:0,(anonymous_6)
DA:7,0
DA:8,0
DA:14,0
DA:15,0
DA:17,0
DA:18,0
DA:19,0
DA:23,0
DA:24,0
DA:25,0
DA:28,0
DA:29,0
DA:32,0
DA:42,0
DA:70,0
LF:15
LH:0
BRDA:14,0,0,0
BRDA:19,1,0,0
BRDA:19,1,1,0
BRDA:28,2,0,0
BRDA:28,2,1,0
BRDA:54,3,0,0
BRDA:54,3,1,0
BRF:7
BRH:0
end_of_record
TN:
SF:src\components\home\Hero.jsx
FN:6,Hero
FNF:1
FNH:1
FNDA:6,Hero
DA:7,6
LF:1
LH:1
BRF:0
BRH:0
end_of_record
TN:
SF:src\components\products\ItemListContainer.jsx
FN:5,ItemListContainer
FN:19,(anonymous_1)
FNF:2
FNH:2
FNDA:5,ItemListContainer
FNDA:1,(anonymous_1)
DA:6,5
DA:7,5
DA:9,5
DA:10,2
DA:13,3
DA:14,2
DA:17,1
DA:20,1
LF:8
LH:8
BRDA:6,0,0,5
BRDA:6,0,1,0
BRDA:9,1,0,2
BRDA:9,1,1,3
BRDA:13,2,0,2
BRDA:13,2,1,1
BRDA:13,3,0,3
BRDA:13,3,1,3
BRF:8
BRH:7
end_of_record
TN:
SF:src\components\products\NewProduct.jsx
FN:5,NewProduct
FN:18,(anonymous_1)
FN:22,(anonymous_2)
FN:27,(anonymous_3)
FN:158,(anonymous_4)
FNF:5
FNH:0
FNDA:0,NewProduct
FNDA:0,(anonymous_1)
FNDA:0,(anonymous_2)
FNDA:0,(anonymous_3)
FNDA:0,(anonymous_4)
DA:6,0
DA:7,0
DA:16,0
DA:18,0
DA:19,0
DA:21,0
DA:22,0
DA:23,0
DA:27,0
DA:28,0
DA:34,0
DA:158,0
LF:12
LH:0
BRDA:42,0,0,0
BRDA:42,0,1,0
BRF:2
BRH:0
end_of_record
TN:
SF:src\components\products\Pagination.jsx
FN:4,Pagination
FN:7,(anonymous_1)
FN:12,(anonymous_2)
FN:16,(anonymous_3)
FN:20,(anonymous_4)
FN:27,(anonymous_5)
FNF:6
FNH:6
FNDA:6,Pagination
FNDA:30,(anonymous_1)
FNDA:1,(anonymous_2)
FNDA:30,(anonymous_3)
FNDA:1,(anonymous_4)
FNDA:1,(anonymous_5)
DA:5,6
DA:7,30
DA:9,6
DA:12,1
DA:17,30
DA:20,1
DA:27,1
LF:7
LH:7
BRDA:5,0,0,0
BRDA:5,0,1,6
BRF:2
BRH:1
end_of_record
TN:
SF:src\components\products\ProductCard.jsx
FN:7,ProductCard
FN:16,(anonymous_1)
FNF:2
FNH:2
FNDA:12,ProductCard
FNDA:1,(anonymous_1)
DA:8,12
DA:9,12
DA:10,12
DA:11,12
DA:12,12
DA:13,12
DA:14,12
DA:16,12
DA:17,1
DA:18,1
DA:22,12
LF:11
LH:11
BRDA:9,0,0,7
BRDA:10,1,0,12
BRDA:10,1,1,7
BRDA:10,1,2,0
BRDA:11,2,0,12
BRDA:11,2,1,7
BRDA:11,2,2,0
BRDA:12,3,0,12
BRDA:12,3,1,7
BRDA:12,3,2,0
BRDA:13,4,0,0
BRDA:13,4,1,12
BRDA:13,5,0,12
BRDA:13,5,1,7
BRDA:13,5,2,0
BRDA:17,6,0,1
BRDA:17,6,1,0
BRDA:39,7,0,0
BRDA:39,7,1,12
BRDA:39,8,0,12
BRDA:39,8,1,12
BRDA:48,9,0,4
BRDA:48,9,1,8
BRDA:49,10,0,4
BRDA:49,10,1,8
BRDA:53,11,0,12
BRDA:53,11,1,12
BRF:27
BRH:20
end_of_record
TN:
SF:src\components\products\ProductDetail.jsx
FN:7,ProductDetail
FN:14,(anonymous_1)
FN:15,(anonymous_2)
FN:28,(anonymous_3)
FN:60,(anonymous_4)
FN:90,(anonymous_5)
FNF:6
FNH:0
FNDA:0,ProductDetail
FNDA:0,(anonymous_1)
FNDA:0,(anonymous_2)
FNDA:0,(anonymous_3)
FNDA:0,(anonymous_4)
FNDA:0,(anonymous_5)
DA:8,0
DA:9,0
DA:10,0
DA:11,0
DA:12,0
DA:14,0
DA:15,0
DA:16,0
DA:17,0
DA:18,0
DA:20,0
DA:22,0
DA:25,0
DA:28,0
DA:29,0
DA:30,0
DA:33,0
DA:34,0
DA:43,0
DA:44,0
DA:51,0
DA:61,0
DA:90,0
LF:23
LH:0
BRDA:33,0,0,0
BRDA:33,0,1,0
BRDA:43,1,0,0
BRDA:43,1,1,0
BRDA:83,2,0,0
BRDA:83,2,1,0
BRF:6
BRH:0
end_of_record
TN:
SF:src\components\products\ProductFilters.jsx
FN:4,ProductFilters
FN:24,(anonymous_1)
FN:35,(anonymous_2)
FN:39,(anonymous_3)
FN:52,(anonymous_4)
FNF:5
FNH:5
FNDA:6,ProductFilters
FNDA:1,(anonymous_1)
FNDA:1,(anonymous_2)
FNDA:12,(anonymous_3)
FNDA:1,(anonymous_4)
DA:14,6
DA:16,6
DA:24,1
DA:35,1
DA:40,12
DA:53,1
DA:54,1
DA:55,1
LF:8
LH:8
BRF:0
BRH:0
end_of_record
TN:
SF:src\components\products\Products.jsx
FN:8,Products
FN:15,(anonymous_1)
FN:41,(anonymous_2)
FN:52,(anonymous_3)
FN:59,(anonymous_4)
FN:87,(anonymous_5)
FNF:6
FNH:3
FNDA:2,Products
FNDA:0,(anonymous_1)
FNDA:1,(anonymous_2)
FNDA:1,(anonymous_3)
FNDA:0,(anonymous_4)
FNDA:0,(anonymous_5)
DA:9,2
DA:10,2
DA:11,2
DA:13,2
DA:15,2
DA:16,0
DA:17,0
DA:20,2
DA:21,1
DA:23,1
DA:42,1
DA:53,1
DA:60,0
DA:87,0
LF:14
LH:10
BRDA:20,0,0,1
BRDA:20,0,1,1
BRDA:66,1,0,1
BRDA:66,1,1,0
BRDA:66,2,0,1
BRDA:66,2,1,0
BRDA:70,3,0,1
BRDA:70,3,1,0
BRDA:70,3,2,0
BRDA:70,4,0,1
BRDA:70,4,1,0
BRDA:71,5,0,0
BRDA:71,5,1,1
BRF:13
BRH:7
end_of_record
TN:
SF:src\components\root\Root.jsx
FN:7,Root
FNF:1
FNH:0
FNDA:0,Root
DA:8,0
LF:1
LH:0
BRF:0
BRH:0
end_of_record
TN:
SF:src\context\AuthContext.jsx
FN:7,(anonymous_0)
FN:13,(anonymous_1)
FN:18,(anonymous_2)
FN:25,(anonymous_3)
FN:26,(anonymous_4)
FN:35,(anonymous_5)
FN:36,(anonymous_6)
FN:43,(anonymous_7)
FN:51,(anonymous_8)
FN:61,(anonymous_9)
FN:81,(anonymous_10)
FN:85,(anonymous_11)
FNF:12
FNH:10
FNDA:6,(anonymous_0)
FNDA:5,(anonymous_1)
FNDA:22,(anonymous_2)
FNDA:0,(anonymous_3)
FNDA:0,(anonymous_4)
FNDA:22,(anonymous_5)
FNDA:10,(anonymous_6)
FNDA:16,(anonymous_7)
FNDA:6,(anonymous_8)
FNDA:5,(anonymous_9)
FNDA:2,(anonymous_10)
FNDA:2,(anonymous_11)
DA:3,5
DA:4,5
DA:7,5
DA:8,6
DA:9,6
DA:10,6
DA:13,5
DA:14,5
DA:15,5
DA:18,5
DA:19,22
DA:22,22
DA:23,7
DA:25,0
DA:26,0
DA:32,15
DA:35,5
DA:36,22
DA:37,10
DA:38,10
DA:40,22
DA:41,22
DA:43,22
DA:44,16
DA:45,8
DA:47,8
DA:51,22
DA:52,6
DA:53,6
DA:54,6
DA:57,6
DA:58,5
DA:61,5
DA:65,5
DA:71,5
DA:72,5
DA:74,1
DA:75,1
DA:77,6
DA:81,22
DA:82,2
DA:83,2
DA:85,2
DA:86,1
DA:87,1
DA:88,1
DA:90,0
DA:91,0
DA:93,1
DA:97,22
DA:106,22
LF:51
LH:47
BRDA:9,0,0,0
BRDA:9,0,1,6
BRDA:10,1,0,1
BRDA:10,1,1,5
BRDA:14,2,0,0
BRDA:14,2,1,5
BRDA:15,3,0,0
BRDA:15,3,1,5
BRDA:22,4,0,7
BRDA:22,4,1,15
BRDA:38,5,0,3
BRDA:38,5,1,7
BRDA:44,6,0,8
BRDA:44,6,1,8
BRF:14
BRH:11
end_of_record
TN:
SF:src\context\CartContext.jsx
FN:8,CartProvider
FN:9,(anonymous_1)
FN:14,(anonymous_2)
FN:18,(anonymous_3)
FN:27,(anonymous_4)
FN:28,(anonymous_5)
FN:31,(anonymous_6)
FN:60,(anonymous_7)
FN:61,(anonymous_8)
FN:61,(anonymous_9)
FN:64,(anonymous_10)
FN:70,(anonymous_11)
FN:71,(anonymous_12)
FN:83,(anonymous_13)
FN:87,(anonymous_14)
FN:88,(anonymous_15)
FN:92,(anonymous_16)
FN:93,(anonymous_17)
FN:96,(anonymous_18)
FN:102,(anonymous_19)
FN:149,useCart
FNF:21
FNH:16
FNDA:37,CartProvider
FNDA:22,(anonymous_1)
FNDA:37,(anonymous_2)
FNDA:15,(anonymous_3)
FNDA:15,(anonymous_4)
FNDA:6,(anonymous_5)
FNDA:5,(anonymous_6)
FNDA:2,(anonymous_7)
FNDA:2,(anonymous_8)
FNDA:2,(anonymous_9)
FNDA:0,(anonymous_10)
FNDA:0,(anonymous_11)
FNDA:0,(anonymous_12)
FNDA:1,(anonymous_13)
FNDA:5,(anonymous_14)
FNDA:4,(anonymous_15)
FNDA:4,(anonymous_16)
FNDA:0,(anonymous_17)
FNDA:0,(anonymous_18)
FNDA:15,(anonymous_19)
FNDA:41,useCart
DA:4,9
DA:6,9
DA:9,37
DA:10,22
DA:11,22
DA:14,37
DA:15,37
DA:18,37
DA:20,15
DA:27,15
DA:28,15
DA:30,15
DA:31,5
DA:32,5
DA:43,10
DA:60,37
DA:61,2
DA:64,37
DA:65,0
DA:66,0
DA:67,0
DA:70,0
DA:71,0
DA:72,0
DA:83,37
DA:84,1
DA:87,37
DA:88,5
DA:89,5
DA:92,37
DA:93,4
DA:96,37
DA:97,0
DA:102,37
DA:103,15
DA:104,15
DA:115,15
DA:116,15
DA:117,15
DA:118,15
DA:120,15
DA:124,37
DA:142,37
DA:150,41
DA:151,41
DA:152,0
DA:154,41
LF:47
LH:39
BRDA:11,0,0,11
BRDA:11,0,1,11
BRDA:18,1,0,15
BRDA:21,2,0,15
BRDA:21,2,1,5
BRDA:21,2,2,0
BRDA:21,2,3,0
BRDA:22,3,0,15
BRDA:22,3,1,15
BRDA:22,3,2,0
BRDA:22,3,3,0
BRDA:23,4,0,15
BRDA:23,4,1,15
BRDA:23,4,2,0
BRDA:23,4,3,0
BRDA:24,5,0,15
BRDA:24,5,1,15
BRDA:24,5,2,15
BRDA:24,5,3,15
BRDA:30,6,0,5
BRDA:30,6,1,10
BRDA:32,7,0,5
BRDA:32,7,1,0
BRDA:37,8,0,5
BRDA:37,8,1,0
BRDA:51,9,0,10
BRDA:51,9,1,10
BRDA:51,9,2,10
BRDA:54,10,0,10
BRDA:54,10,1,0
BRDA:65,11,0,0
BRDA:65,11,1,0
BRDA:72,12,0,0
BRDA:72,12,1,0
BRDA:103,13,0,15
BRDA:103,13,1,0
BRDA:103,13,2,0
BRDA:105,14,0,15
BRDA:105,14,1,0
BRDA:109,15,0,15
BRDA:109,15,1,0
BRDA:115,16,0,15
BRDA:115,16,1,0
BRDA:116,17,0,0
BRDA:116,17,1,15
BRDA:117,18,0,15
BRDA:117,18,1,0
BRDA:151,19,0,0
BRDA:151,19,1,41
BRF:49
BRH:28
end_of_record
TN:
SF:src\database\categories.js
FNF:0
FNH:0
DA:1,0
LF:1
LH:0
BRF:0
BRH:0
end_of_record
TN:
SF:src\database\products.js
FNF:0
FNH:0
DA:1,3
LF:1
LH:1
BRF:0
BRH:0
end_of_record
TN:
SF:src\hooks\useProducts.js
FN:6,useProducts
FN:17,(anonymous_1)
FN:18,(anonymous_2)
FN:36,(anonymous_3)
FN:38,(anonymous_4)
FN:54,(anonymous_5)
FN:65,(anonymous_6)
FN:70,(anonymous_7)
FN:71,(anonymous_8)
FNF:9
FNH:9
FNDA:16,useProducts
FNDA:6,(anonymous_1)
FNDA:6,(anonymous_2)
FNDA:14,(anonymous_3)
FNDA:16,(anonymous_4)
FNDA:6,(anonymous_5)
FNDA:15,(anonymous_6)
FNDA:11,(anonymous_7)
FNDA:10,(anonymous_8)
DA:4,2
DA:7,16
DA:8,16
DA:9,16
DA:10,16
DA:11,16
DA:12,16
DA:13,16
DA:14,16
DA:15,16
DA:17,16
DA:18,6
DA:19,6
DA:20,6
DA:21,6
DA:25,5
DA:26,5
DA:28,1
DA:30,6
DA:33,6
DA:36,16
DA:37,14
DA:39,16
DA:41,16
DA:42,16
DA:43,16
DA:45,16
DA:49,16
DA:52,16
DA:55,6
DA:56,6
DA:57,1
DA:59,5
DA:63,16
DA:65,16
DA:66,15
DA:67,15
DA:70,16
DA:71,11
DA:77,16
LF:40
LH:40
BRDA:39,0,0,0
BRDA:39,0,1,16
BRDA:41,1,0,16
BRDA:41,1,1,0
BRDA:42,2,0,16
BRDA:42,2,1,16
BRDA:43,3,0,16
BRDA:43,3,1,0
BRDA:45,4,0,16
BRDA:45,4,1,2
BRDA:45,4,2,1
BRDA:49,5,0,16
BRDA:49,5,1,2
BRDA:52,6,0,16
BRDA:52,6,1,15
BRDA:55,7,0,5
BRDA:55,7,1,1
BRDA:56,8,0,1
BRDA:56,8,1,5
BRF:19
BRH:16
end_of_record
TN:
SF:src\loaders\home.js
FN:3,(anonymous_0)
FNF:1
FNH:1
FNDA:2,(anonymous_0)
DA:3,1
DA:4,2
DA:5,2
DA:10,1
DA:15,1
LF:5
LH:5
BRF:0
BRH:0
end_of_record
TN:
SF:src\loaders\productLoader.js
FN:6,(anonymous_0)
FNF:1
FNH:1
FNDA:4,(anonymous_0)
DA:6,1
DA:8,4
DA:9,0
DA:10,0
DA:11,0
DA:13,0
DA:17,4
DA:18,4
DA:19,4
DA:20,4
DA:21,1
DA:22,1
DA:25,3
DA:26,2
DA:30,0
DA:31,0
DA:32,0
DA:33,0
DA:37,0
LF:19
LH:10
BRDA:6,0,0,0
BRDA:8,1,0,0
BRDA:8,1,1,4
BRDA:8,2,0,4
BRDA:8,2,1,0
BRDA:10,3,0,0
BRDA:10,3,1,0
BRDA:17,4,0,4
BRDA:17,4,1,0
BRDA:17,5,0,4
BRDA:17,5,1,4
BRDA:20,6,0,1
BRDA:20,6,1,3
BRDA:22,7,0,1
BRDA:22,7,1,0
BRDA:26,8,0,2
BRDA:26,8,1,0
BRDA:30,9,0,0
BRDA:30,9,1,0
BRDA:32,10,0,0
BRDA:32,10,1,0
BRF:21
BRH:9
end_of_record
TN:
SF:src\loaders\products.js
FN:3,(anonymous_0)
FNF:1
FNH:0
FNDA:0,(anonymous_0)
DA:3,0
DA:4,0
DA:5,0
DA:6,0
DA:7,0
DA:9,0
LF:6
LH:0
BRF:0
BRH:0
end_of_record
TN:
SF:src\pages\About.jsx
FN:5,(anonymous_0)
FN:63,(anonymous_1)
FNF:2
FNH:0
FNDA:0,(anonymous_0)
FNDA:0,(anonymous_1)
DA:5,0
DA:6,0
DA:24,0
DA:64,0
LF:4
LH:0
BRF:0
BRH:0
end_of_record
TN:
SF:src\pages\Blog.jsx
FN:22,(anonymous_0)
FN:33,(anonymous_1)
FNF:2
FNH:0
FNDA:0,(anonymous_0)
FNDA:0,(anonymous_1)
DA:4,0
DA:22,0
DA:23,0
DA:34,0
LF:4
LH:0
BRF:0
BRH:0
end_of_record
TN:
SF:src\pages\Cart.jsx
FN:21,(anonymous_0)
FN:24,(anonymous_1)
FN:54,(anonymous_2)
FN:71,(anonymous_3)
FN:78,(anonymous_4)
FN:90,(anonymous_5)
FN:110,(anonymous_6)
FNF:7
FNH:0
FNDA:0,(anonymous_0)
FNDA:0,(anonymous_1)
FNDA:0,(anonymous_2)
FNDA:0,(anonymous_3)
FNDA:0,(anonymous_4)
FNDA:0,(anonymous_5)
FNDA:0,(anonymous_6)
DA:21,0
DA:22,0
DA:24,0
DA:26,0
DA:27,0
DA:36,0
DA:55,0
DA:71,0
DA:78,0
DA:90,0
DA:112,0
LF:11
LH:0
BRDA:26,0,0,0
BRDA:26,0,1,0
BRF:2
BRH:0
end_of_record
TN:
SF:src\pages\Checkout.jsx
FN:9,(anonymous_0)
FN:50,(anonymous_1)
FN:56,(anonymous_2)
FN:72,(anonymous_3)
FN:299,(anonymous_4)
FNF:5
FNH:0
FNDA:0,(anonymous_0)
FNDA:0,(anonymous_1)
FNDA:0,(anonymous_2)
FNDA:0,(anonymous_3)
FNDA:0,(anonymous_4)
DA:9,0
DA:10,0
DA:11,0
DA:12,0
DA:14,0
DA:15,0
DA:24,0
DA:35,0
DA:51,0
DA:52,0
DA:53,0
DA:54,0
DA:56,0
DA:57,0
DA:60,0
DA:65,0
DA:66,0
DA:72,0
DA:78,0
DA:300,0
LF:20
LH:0
BRDA:14,0,0,0
BRDA:14,0,1,0
BRDA:14,1,0,0
BRDA:14,1,1,0
BRDA:65,2,0,0
BRDA:65,2,1,0
BRDA:100,3,0,0
BRDA:100,3,1,0
BRDA:115,4,0,0
BRDA:115,4,1,0
BRDA:134,5,0,0
BRDA:134,5,1,0
BRDA:149,6,0,0
BRDA:149,6,1,0
BRDA:165,7,0,0
BRDA:165,7,1,0
BRDA:181,8,0,0
BRDA:181,8,1,0
BRDA:196,9,0,0
BRDA:196,9,1,0
BRDA:223,10,0,0
BRDA:223,10,1,0
BRDA:237,11,0,0
BRDA:237,11,1,0
BRDA:254,12,0,0
BRDA:254,12,1,0
BRDA:270,13,0,0
BRDA:270,13,1,0
BRF:28
BRH:0
end_of_record
TN:
SF:src\pages\Contact.jsx
FN:7,(anonymous_0)
FN:24,(anonymous_1)
FNF:2
FNH:0
FNDA:0,(anonymous_0)
FNDA:0,(anonymous_1)
DA:7,0
DA:8,0
DA:25,0
DA:30,0
LF:4
LH:0
BRDA:69,0,0,0
BRDA:69,0,1,0
BRDA:70,1,0,0
BRDA:70,1,1,0
BRDA:80,2,0,0
BRDA:80,2,1,0
BRDA:81,3,0,0
BRDA:81,3,1,0
BRDA:92,4,0,0
BRDA:92,4,1,0
BRDA:93,5,0,0
BRDA:93,5,1,0
BRF:12
BRH:0
end_of_record
TN:
SF:src\pages\Home.jsx
FN:7,Home
FNF:1
FNH:0
FNDA:0,Home
DA:8,0
DA:32,0
DA:53,0
LF:3
LH:0
BRF:0
BRH:0
end_of_record
TN:
SF:src\pages\Login.jsx
FN:7,Login
FN:14,(anonymous_1)
FN:23,(anonymous_2)
FN:39,(anonymous_3)
FN:59,(anonymous_4)
FN:59,(anonymous_5)
FN:82,(anonymous_6)
FNF:7
FNH:5
FNDA:10,Login
FNDA:0,(anonymous_1)
FNDA:3,(anonymous_2)
FNDA:3,(anonymous_3)
FNDA:20,(anonymous_4)
FNDA:0,(anonymous_5)
FNDA:6,(anonymous_6)
DA:8,10
DA:9,10
DA:10,10
DA:12,10
DA:14,10
DA:15,0
DA:16,0
DA:17,0
DA:18,0
DA:19,0
DA:20,0
DA:23,10
DA:24,3
DA:25,3
DA:26,3
DA:27,0
DA:28,0
DA:31,3
DA:32,3
DA:33,0
DA:34,0
DA:36,3
DA:39,10
DA:40,3
DA:41,3
DA:42,3
DA:43,3
DA:45,3
DA:46,3
DA:47,3
DA:48,3
DA:51,0
DA:52,0
DA:53,0
DA:55,0
DA:59,20
DA:60,0
DA:61,0
DA:63,0
DA:64,0
DA:65,0
DA:68,0
DA:69,0
DA:70,0
DA:73,0
DA:76,10
DA:83,6
LF:47
LH:24
BRDA:10,0,0,10
BRDA:10,0,1,0
BRDA:16,1,0,0
BRDA:16,1,1,0
BRDA:17,2,0,0
BRDA:17,2,1,0
BRDA:18,3,0,0
BRDA:18,3,1,0
BRDA:19,4,0,0
BRDA:19,4,1,0
BRDA:25,5,0,3
BRDA:25,5,1,0
BRDA:27,6,0,0
BRDA:27,6,1,0
BRDA:31,7,0,3
BRDA:31,7,1,0
BRDA:33,8,0,0
BRDA:33,8,1,0
BRDA:42,9,0,3
BRDA:42,9,1,3
BRDA:43,10,0,3
BRDA:43,10,1,3
BRDA:46,11,0,3
BRDA:46,11,1,0
BRDA:63,12,0,0
BRDA:63,12,1,0
BRDA:64,13,0,0
BRDA:64,13,1,0
BRDA:65,14,0,0
BRDA:65,14,1,0
BRDA:68,15,0,0
BRDA:68,15,1,0
BRDA:69,16,0,0
BRDA:69,16,1,0
BRDA:70,17,0,0
BRDA:70,17,1,0
BRDA:81,18,0,10
BRDA:81,18,1,1
BRDA:106,19,0,1
BRDA:106,19,1,9
BRF:40
BRH:12
end_of_record
TN:
SF:src\pages\Offers.jsx
FN:6,(anonymous_0)
FN:28,(anonymous_1)
FN:35,(anonymous_2)
FNF:3
FNH:3
FNDA:5,(anonymous_0)
FNDA:6,(anonymous_1)
FNDA:4,(anonymous_2)
DA:6,1
DA:7,5
DA:9,5
DA:10,1
DA:19,4
DA:20,1
DA:28,6
DA:30,3
DA:36,4
LF:9
LH:9
BRDA:9,0,0,1
BRDA:9,0,1,4
BRDA:19,1,0,1
BRDA:19,1,1,3
BRDA:34,2,0,2
BRDA:34,2,1,1
BRF:6
BRH:6
end_of_record
TN:
SF:src\pages\ProductDetail.jsx
FN:7,(anonymous_0)
FN:40,(anonymous_1)
FNF:2
FNH:0
FNDA:0,(anonymous_0)
FNDA:0,(anonymous_1)
DA:7,0
DA:8,0
DA:9,0
DA:10,0
DA:12,0
DA:13,0
DA:20,0
DA:21,0
DA:24,0
DA:40,0
LF:10
LH:0
BRDA:12,0,0,0
BRDA:12,0,1,0
BRDA:20,1,0,0
BRDA:20,1,1,0
BRF:4
BRH:0
end_of_record
TN:
SF:src\pages\Products.jsx
FN:8,Products
FN:31,(anonymous_1)
FN:58,(anonymous_2)
FN:70,(anonymous_3)
FNF:4
FNH:0
FNDA:0,Products
FNDA:0,(anonymous_1)
FNDA:0,(anonymous_2)
FNDA:0,(anonymous_3)
DA:9,0
DA:10,0
DA:12,0
DA:32,0
DA:59,0
DA:70,0
LF:6
LH:0
BRDA:26,0,0,0
BRDA:26,0,1,0
BRDA:39,1,0,0
BRDA:39,1,1,0
BRDA:56,2,0,0
BRDA:56,2,1,0
BRDA:73,3,0,0
BRDA:73,3,1,0
BRF:8
BRH:0
end_of_record
TN:
SF:src\pages\Root.jsx
FN:6,Root
FN:35,(anonymous_1)
FNF:2
FNH:0
FNDA:0,Root
FNDA:0,(anonymous_1)
DA:7,0
DA:35,0
LF:2
LH:0
BRF:0
BRH:0
end_of_record
TN:
SF:src\pages\admin\Dashboard.jsx
FN:5,(anonymous_0)
FN:19,(anonymous_1)
FN:105,(anonymous_2)
FNF:3
FNH:0
FNDA:0,(anonymous_0)
FNDA:0,(anonymous_1)
FNDA:0,(anonymous_2)
DA:5,0
DA:6,0
DA:13,0
DA:19,0
DA:20,0
DA:25,0
DA:28,0
DA:106,0
LF:8
LH:0
BRF:0
BRH:0
end_of_record
TN:
SF:src\pages\admin\OrderManagement.jsx
FN:5,(anonymous_0)
FN:33,(anonymous_1)
FN:38,(anonymous_2)
FN:43,(anonymous_3)
FN:68,(anonymous_4)
FN:80,(anonymous_5)
FN:126,(anonymous_6)
FNF:7
FNH:0
FNDA:0,(anonymous_0)
FNDA:0,(anonymous_1)
FNDA:0,(anonymous_2)
FNDA:0,(anonymous_3)
FNDA:0,(anonymous_4)
FNDA:0,(anonymous_5)
FNDA:0,(anonymous_6)
DA:5,0
DA:6,0
DA:7,0
DA:31,0
DA:33,0
DA:34,0
DA:35,0
DA:38,0
DA:39,0
DA:40,0
DA:43,0
DA:44,0
DA:49,0
DA:52,0
DA:69,0
DA:80,0
DA:127,0
LF:17
LH:0
BRDA:84,0,0,0
BRDA:84,0,1,0
BRDA:106,1,0,0
BRDA:106,1,1,0
BRDA:141,2,0,0
BRDA:141,2,1,0
BRDA:158,3,0,0
BRDA:158,3,1,0
BRF:8
BRH:0
end_of_record
TN:
SF:src\pages\admin\ProductManagement.jsx
FN:5,(anonymous_0)
FN:13,(anonymous_1)
FN:14,(anonymous_2)
FN:37,(anonymous_3)
FNF:4
FNH:0
FNDA:0,(anonymous_0)
FNDA:0,(anonymous_1)
FNDA:0,(anonymous_2)
FNDA:0,(anonymous_3)
DA:5,0
DA:6,0
DA:7,0
DA:13,0
DA:14,0
DA:16,0
DA:38,0
LF:7
LH:0
BRF:0
BRH:0
end_of_record
TN:
SF:src\pages\admin\UserManagement.jsx
FN:5,(anonymous_0)
FN:13,(anonymous_1)
FN:14,(anonymous_2)
FN:16,(anonymous_3)
FN:24,(anonymous_4)
FN:53,(anonymous_5)
FNF:6
FNH:0
FNDA:0,(anonymous_0)
FNDA:0,(anonymous_1)
FNDA:0,(anonymous_2)
FNDA:0,(anonymous_3)
FNDA:0,(anonymous_4)
FNDA:0,(anonymous_5)
DA:5,0
DA:6,0
DA:7,0
DA:13,0
DA:14,0
DA:16,0
DA:17,0
DA:21,0
DA:24,0
DA:25,0
DA:29,0
DA:32,0
DA:54,0
LF:13
LH:0
BRF:0
BRH:0
end_of_record
TN:
SF:src\pages\cart\index.jsx
FN:3,Cart
FNF:1
FNH:0
FNDA:0,Cart
DA:4,0
LF:1
LH:0
BRF:0
BRH:0
end_of_record
TN:
SF:src\pages\checkout\Checkout.jsx
FN:7,(anonymous_0)
FN:12,(anonymous_1)
FN:181,(anonymous_2)
FNF:3
FNH:3
FNDA:5,(anonymous_0)
FNDA:2,(anonymous_1)
FNDA:10,(anonymous_2)
DA:7,1
DA:8,5
DA:9,5
DA:10,5
DA:12,5
DA:13,2
DA:14,2
DA:16,2
DA:17,1
DA:18,1
DA:19,1
DA:23,1
DA:26,5
DA:182,10
LF:14
LH:14
BRDA:16,0,0,1
BRDA:16,0,1,1
BRF:2
BRH:2
end_of_record
TN:
SF:src\pages\checkout\CheckoutFailure.jsx
FN:6,(anonymous_0)
FN:22,(anonymous_1)
FN:29,(anonymous_2)
FNF:3
FNH:0
FNDA:0,(anonymous_0)
FNDA:0,(anonymous_1)
FNDA:0,(anonymous_2)
DA:6,0
DA:7,0
DA:9,0
DA:22,0
DA:29,0
LF:5
LH:0
BRF:0
BRH:0
end_of_record
TN:
SF:src\pages\checkout\CheckoutSuccess.jsx
FN:6,(anonymous_0)
FN:9,(anonymous_1)
FN:25,(anonymous_2)
FNF:3
FNH:0
FNDA:0,(anonymous_0)
FNDA:0,(anonymous_1)
FNDA:0,(anonymous_2)
DA:6,0
DA:7,0
DA:9,0
DA:13,0
DA:25,0
LF:5
LH:0
BRF:0
BRH:0
end_of_record
TN:
SF:src\pages\home\index.jsx
FN:3,Home
FNF:1
FNH:0
FNDA:0,Home
DA:4,0
LF:1
LH:0
BRF:0
BRH:0
end_of_record
TN:
SF:src\pages\products\index.jsx
FN:8,Products
FNF:1
FNH:0
FNDA:0,Products
DA:9,0
LF:1
LH:0
BRF:0
BRH:0
end_of_record
TN:
SF:src\pages\products\newProduct.jsx
FN:3,NewProduct
FNF:1
FNH:0
FNDA:0,NewProduct
DA:4,0
LF:1
LH:0
BRF:0
BRH:0
end_of_record
TN:
SF:src\pages\products\productDetail.jsx
FN:3,ProductDetail
FNF:1
FNH:0
FNDA:0,ProductDetail
DA:4,0
LF:1
LH:0
BRF:0
BRH:0
end_of_record
TN:
SF:src\pages\root\Root.jsx
FN:5,Root
FNF:1
FNH:0
FNDA:0,Root
DA:7,0
LF:1
LH:0
BRF:0
BRH:0
end_of_record
TN:
SF:src\services\product.js
FN:4,(anonymous_0)
FN:9,(anonymous_1)
FN:11,(anonymous_2)
FN:18,(anonymous_3)
FN:21,(anonymous_4)
FN:25,(anonymous_5)
FN:32,(anonymous_6)
FN:46,(anonymous_7)
FN:53,(anonymous_8)
FN:67,(anonymous_9)
FN:69,(anonymous_10)
FN:80,(anonymous_11)
FN:86,(anonymous_12)
FN:87,(anonymous_13)
FN:91,(anonymous_14)
FN:112,(anonymous_15)
FN:113,(anonymous_16)
FNF:17
FNH:17
FNDA:2,(anonymous_0)
FNDA:3,(anonymous_1)
FNDA:6,(anonymous_2)
FNDA:2,(anonymous_3)
FNDA:8,(anonymous_4)
FNDA:2,(anonymous_5)
FNDA:4,(anonymous_6)
FNDA:4,(anonymous_7)
FNDA:4,(anonymous_8)
FNDA:3,(anonymous_9)
FNDA:6,(anonymous_10)
FNDA:1,(anonymous_11)
FNDA:4,(anonymous_12)
FNDA:4,(anonymous_13)
FNDA:30,(anonymous_14)
FNDA:17,(anonymous_15)
FNDA:17,(anonymous_16)
DA:5,2
DA:6,2
DA:10,3
DA:11,6
DA:12,3
DA:13,1
DA:15,2
DA:19,2
DA:20,2
DA:21,8
DA:26,2
DA:27,2
DA:40,4
DA:42,4
DA:44,4
DA:45,1
DA:46,1
DA:47,4
DA:52,4
DA:53,4
DA:56,4
DA:57,4
DA:58,4
DA:60,4
DA:68,3
DA:69,6
DA:70,3
DA:71,1
DA:74,2
DA:81,1
DA:82,1
DA:86,4
DA:87,4
DA:92,30
DA:113,17
DA:114,17
DA:115,17
DA:117,0
DA:123,3
LF:39
LH:38
BRDA:12,0,0,1
BRDA:12,0,1,2
BRDA:25,1,0,1
BRDA:32,2,0,0
BRDA:33,3,0,3
BRDA:34,4,0,3
BRDA:35,5,0,3
BRDA:36,6,0,3
BRDA:37,7,0,3
BRDA:38,8,0,3
BRDA:44,9,0,1
BRDA:44,9,1,3
BRDA:47,10,0,4
BRDA:47,10,1,4
BRDA:52,11,0,1
BRDA:52,11,1,3
BRDA:70,12,0,1
BRDA:70,12,1,2
BRDA:114,13,0,17
BRDA:114,13,1,0
BRF:20
BRH:18
end_of_record
TN:
SF:src\services\product\index.js
FN:2,(anonymous_0)
FN:35,(anonymous_1)
FN:50,(anonymous_2)
FN:58,(anonymous_3)
FN:72,(anonymous_4)
FN:77,(anonymous_5)
FN:79,(anonymous_6)
FN:87,(anonymous_7)
FN:106,(anonymous_8)
FN:117,(anonymous_9)
FN:120,(anonymous_10)
FNF:11
FNH:0
FNDA:0,(anonymous_0)
FNDA:0,(anonymous_1)
FNDA:0,(anonymous_2)
FNDA:0,(anonymous_3)
FNDA:0,(anonymous_4)
FNDA:0,(anonymous_5)
FNDA:0,(anonymous_6)
FNDA:0,(anonymous_7)
FNDA:0,(anonymous_8)
FNDA:0,(anonymous_9)
FNDA:0,(anonymous_10)
DA:1,0
DA:4,0
DA:32,0
DA:37,0
DA:38,0
DA:47,0
DA:52,0
DA:60,0
DA:73,0
DA:74,0
DA:78,0
DA:79,0
DA:80,0
DA:83,0
DA:84,0
DA:87,0
DA:88,0
DA:89,0
DA:91,0
DA:94,0
DA:95,0
DA:96,0
DA:98,0
DA:107,0
DA:108,0
DA:109,0
DA:111,0
DA:118,0
DA:119,0
DA:120,0
DA:121,0
LF:31
LH:0
BRDA:37,0,0,0
BRDA:37,0,1,0
BRDA:72,1,0,0
BRDA:77,2,0,0
BRDA:77,3,0,0
BRDA:77,4,0,0
BRDA:77,5,0,0
BRDA:77,6,0,0
BRDA:77,7,0,0
BRDA:80,8,0,0
BRDA:80,8,1,0
BRDA:80,8,2,0
BRDA:83,9,0,0
BRDA:83,9,1,0
BRDA:84,10,0,0
BRDA:84,10,1,0
BRDA:88,11,0,0
BRDA:88,11,1,0
BRDA:89,12,0,0
BRDA:89,12,1,0
BRDA:91,13,0,0
BRDA:91,13,1,0
BRDA:108,14,0,0
BRDA:108,14,1,0
BRF:24
BRH:0
end_of_record
TN:
SF:src\services\product\product.js
FN:4,(anonymous_0)
FN:4,(anonymous_1)
FN:7,(anonymous_2)
FN:18,(anonymous_3)
FN:21,(anonymous_4)
FN:32,(anonymous_5)
FN:42,(anonymous_6)
FN:46,(anonymous_7)
FN:55,(anonymous_8)
FN:59,(anonymous_9)
FN:70,(anonymous_10)
FN:73,(anonymous_11)
FN:82,(anonymous_12)
FN:85,(anonymous_13)
FN:92,(anonymous_14)
FN:103,(anonymous_15)
FN:107,(anonymous_16)
FNF:17
FNH:0
FNDA:0,(anonymous_0)
FNDA:0,(anonymous_1)
FNDA:0,(anonymous_2)
FNDA:0,(anonymous_3)
FNDA:0,(anonymous_4)
FNDA:0,(anonymous_5)
FNDA:0,(anonymous_6)
FNDA:0,(anonymous_7)
FNDA:0,(anonymous_8)
FNDA:0,(anonymous_9)
FNDA:0,(anonymous_10)
FNDA:0,(anonymous_11)
FNDA:0,(anonymous_12)
FNDA:0,(anonymous_13)
FNDA:0,(anonymous_14)
FNDA:0,(anonymous_15)
FNDA:0,(anonymous_16)
DA:4,0
DA:8,0
DA:10,0
DA:11,0
DA:13,0
DA:14,0
DA:19,0
DA:20,0
DA:21,0
DA:22,0
DA:23,0
DA:25,0
DA:27,0
DA:28,0
DA:33,0
DA:34,0
DA:35,0
DA:37,0
DA:38,0
DA:43,0
DA:44,0
DA:45,0
DA:46,0
DA:47,0
DA:50,0
DA:51,0
DA:56,0
DA:57,0
DA:58,0
DA:59,0
DA:60,0
DA:65,0
DA:66,0
DA:71,0
DA:72,0
DA:73,0
DA:74,0
DA:77,0
DA:78,0
DA:83,0
DA:84,0
DA:85,0
DA:87,0
DA:88,0
DA:93,0
DA:94,0
DA:96,0
DA:98,0
DA:99,0
DA:104,0
DA:105,0
DA:106,0
DA:107,0
DA:108,0
DA:111,0
DA:112,0
DA:118,0
LF:57
LH:0
BRDA:22,0,0,0
BRDA:22,0,1,0
BRDA:60,1,0,0
BRDA:60,1,1,0
BRDA:60,1,2,0
BRDA:74,2,0,0
BRDA:74,2,1,0
BRDA:92,3,0,0
BRF:8
BRH:0
end_of_record
TN:
SF:src\utils\formatters.js
FN:10,formatearPrecio
FN:46,campoVacio
FNF:2
FNH:2
FNDA:50,formatearPrecio
FNDA:18,campoVacio
DA:1,11
DA:12,50
DA:13,0
DA:17,50
DA:18,1
DA:22,50
DA:23,1
DA:27,50
DA:28,0
DA:32,50
DA:33,50
DA:34,50
DA:35,50
DA:36,47
DA:38,3
DA:48,18
DA:49,16
DA:50,14
DA:51,13
DA:52,13
LF:20
LH:18
BRDA:10,0,0,47
BRDA:12,1,0,0
BRDA:12,1,1,50
BRDA:12,2,0,50
BRDA:12,2,1,50
BRDA:17,3,0,1
BRDA:17,3,1,49
BRDA:22,4,0,1
BRDA:22,4,1,49
BRDA:27,5,0,0
BRDA:27,5,1,50
BRDA:35,6,0,47
BRDA:35,6,1,3
BRDA:36,7,0,2
BRDA:36,7,1,45
BRDA:38,8,0,1
BRDA:38,8,1,2
BRDA:48,9,0,2
BRDA:48,9,1,16
BRDA:48,10,0,18
BRDA:48,10,1,17
BRDA:49,11,0,2
BRDA:49,11,1,14
BRDA:49,12,0,16
BRDA:49,12,1,15
BRDA:50,13,0,1
BRDA:50,13,1,13
BRDA:51,14,0,0
BRDA:51,14,1,13
BRF:29
BRH:26
end_of_record
